<?xml version="1.0" encoding="UTF-8"?>
<!-- Generated by org.testng.reporters.JUnitReportReporter -->
<testsuite hostname="LAPTOP-HOV0GU3C" failures="0" tests="1" name="producttest.Example2Test" time="11.797" errors="0" timestamp="2025-07-31T13:11:47 IST" skipped="0">
  <testcase classname="producttest.Example2Test" name="orderProducts" time="11.797">
    <system-out>
      <![CDATA[
keerthi
spandana
 507166]]>
    </system-out>
  </testcase> <!-- orderProducts -->
  <system-out>
    <![CDATA[Browser setup is done
Login successfully

keerthi
spandana
 507166
Logout is done]]>
  </system-out>
</testsuite> <!-- producttest.Example2Test -->
