<?xml version="1.0" encoding="UTF-8"?>
<!-- Generated by org.testng.reporters.JUnitReportReporter -->
<testsuite hostname="LAPTOP-HOV0GU3C" failures="0" tests="1" name="producttest.TeamFTest" time="2.570" errors="0" timestamp="2025-07-31T10:59:58 IST" skipped="0">
  <testcase classname="producttest.TeamFTest" name="Indra" time="2.570">
    <system-out>
      <![CDATA[Indra]]>
    </system-out>
  </testcase> <!-- Indra -->
  <system-out>
    <![CDATA[Browser setup is done
Login successfully
Indra
Logout is done]]>
  </system-out>
</testsuite> <!-- producttest.TeamFTest -->
