<?xml version="1.0" encoding="UTF-8"?>
<!-- Generated by org.testng.reporters.JUnitReportReporter -->
<testsuite hostname="LAPTOP-HOV0GU3C" failures="0" tests="2" name="producttest.Example2Test" time="24.942" errors="0" timestamp="2025-07-24T12:21:19 IST" skipped="0">
  <testcase classname="producttest.Example2Test" name="orderProducts" time="12.053"/>
  <testcase classname="producttest.Example2Test" name="orderProducts" time="12.889"/>
  <system-out>
    <![CDATA[Browser setup is done
Login successfully
Logout is done
Login successfully
Logout is done]]>
  </system-out>
</testsuite> <!-- producttest.Example2Test -->
